Determining size of off64_t failed with the following output:
Change Dir: /Users/fumiya.amano/Documents/works/ogl/xcode/CMakeFiles/CMakeTmp

Run Build Command:"/usr/bin/xcodebuild" "-project" "CMAKE_TRY_COMPILE.xcodeproj" "build" "-target" "cmTC_ccd22" "-configuration" "Debug"
2017-05-05 19:46:42.808 xcodebuild[68457:1129418] [MT] PluginLoading: Required plug-in compatibility UUID DFFB3951-EB0A-4C09-9DAC-5F2D28CC839C for plug-in at path '~/Library/Application Support/Developer/Shared/Xcode/Plug-ins/Unity4XC.xcplugin' not present in DVTPlugInCompatibilityUUIDs
2017-05-05 19:46:42.808 xcodebuild[68457:1129418] Failed to load plugin at: /Users/fumiya.amano/Library/Application Support/Developer/Shared/Xcode/Plug-ins/Unity4XC.xcplugin, skipping.  Reason for failure: *** -[__NSPlaceholderDictionary initWithObjects:forKeys:count:]: attempt to insert nil object from objects[0]
Build Preparation
Build task concurrency set to 4 via user default IDEBuildOperationMaxNumberOfConcurrentCompileTasks

=== BUILD TARGET cmTC_ccd22 OF PROJECT CMAKE_TRY_COMPILE WITH CONFIGURATION Debug ===

Check dependencies

Write auxiliary files
/bin/mkdir -p /Users/fumiya.amano/Documents/works/ogl/xcode/CMakeFiles/CMakeTmp/CMAKE_TRY_COMPILE.build/Debug/cmTC_ccd22.build/Objects-normal/x86_64
write-file /Users/fumiya.amano/Documents/works/ogl/xcode/CMakeFiles/CMakeTmp/CMAKE_TRY_COMPILE.build/Debug/cmTC_ccd22.build/Objects-normal/x86_64/cmTC_ccd22.LinkFileList

CompileC CMAKE_TRY_COMPILE.build/Debug/cmTC_ccd22.build/Objects-normal/x86_64/OFF64_T.o /Users/fumiya.amano/Documents/works/ogl/xcode/CMakeFiles/CheckTypeSize/OFF64_T.c normal x86_64 c com.apple.compilers.llvm.clang.1_0.compiler
    cd /Users/fumiya.amano/Documents/works/ogl/xcode/CMakeFiles/CMakeTmp
    export LANG=en_US.US-ASCII
    /Applications/Xcode832.app/Contents/Developer/Toolchains/XcodeDefault.xctoolchain/usr/bin/clang -x c -arch x86_64 -fmessage-length=0 -fdiagnostics-show-note-include-stack -fmacro-backtrace-limit=0 -Wno-trigraphs -fpascal-strings -O0 -Wno-missing-field-initializers -Wno-missing-prototypes -Wno-return-type -Wno-missing-braces -Wparentheses -Wswitch -Wno-unused-function -Wno-unused-label -Wno-unused-parameter -Wno-unused-variable -Wunused-value -Wno-empty-body -Wno-uninitialized -Wno-unknown-pragmas -Wno-shadow -Wno-four-char-constants -Wno-conversion -Wno-constant-conversion -Wno-int-conversion -Wno-bool-conversion -Wno-enum-conversion -Wno-shorten-64-to-32 -Wpointer-sign -Wno-newline-eof -DCMAKE_INTDIR=\"Debug\" -D_LARGEFILE64_SOURCE=1 -DHAVE_SYS_TYPES_H -DHAVE_STDINT_H -DHAVE_STDDEF_H -isysroot /Applications/Xcode832.app/Contents/Developer/Platforms/MacOSX.platform/Developer/SDKs/MacOSX10.12.sdk -fasm-blocks -fstrict-aliasing -Wdeprecated-declarations -mmacosx-version-min=10.12 -g -Wno-sign-conversion -Wno-infinite-recursion -I/Users/fumiya.amano/Documents/works/ogl/xcode/CMakeFiles/CMakeTmp/Debug/include -I/Users/fumiya.amano/Documents/works/ogl/xcode/CMakeFiles/CMakeTmp/CMAKE_TRY_COMPILE.build/Debug/cmTC_ccd22.build/DerivedSources/x86_64 -I/Users/fumiya.amano/Documents/works/ogl/xcode/CMakeFiles/CMakeTmp/CMAKE_TRY_COMPILE.build/Debug/cmTC_ccd22.build/DerivedSources -Wmost -Wno-four-char-constants -Wno-unknown-pragmas -F/Users/fumiya.amano/Documents/works/ogl/xcode/CMakeFiles/CMakeTmp/Debug -MMD -MT dependencies -MF /Users/fumiya.amano/Documents/works/ogl/xcode/CMakeFiles/CMakeTmp/CMAKE_TRY_COMPILE.build/Debug/cmTC_ccd22.build/Objects-normal/x86_64/OFF64_T.d --serialize-diagnostics /Users/fumiya.amano/Documents/works/ogl/xcode/CMakeFiles/CMakeTmp/CMAKE_TRY_COMPILE.build/Debug/cmTC_ccd22.build/Objects-normal/x86_64/OFF64_T.dia -c /Users/fumiya.amano/Documents/works/ogl/xcode/CMakeFiles/CheckTypeSize/OFF64_T.c -o /Users/fumiya.amano/Documents/works/ogl/xcode/CMakeFiles/CMakeTmp/CMAKE_TRY_COMPILE.build/Debug/cmTC_ccd22.build/Objects-normal/x86_64/OFF64_T.o
/Users/fumiya.amano/Documents/works/ogl/xcode/CMakeFiles/CheckTypeSize/OFF64_T.c:19:12: error: use of undeclared identifier 'off64_t'
  ('0' + ((SIZE / 10000)%10)),
           ^
/Users/fumiya.amano/Documents/works/ogl/xcode/CMakeFiles/CheckTypeSize/OFF64_T.c:17:22: note: expanded from macro 'SIZE'
#define SIZE (sizeof(off64_t))
                     ^
/Users/fumiya.amano/Documents/works/ogl/xcode/CMakeFiles/CheckTypeSize/OFF64_T.c:20:12: error: use of undeclared identifier 'off64_t'
  ('0' + ((SIZE / 1000)%10)),
           ^
/Users/fumiya.amano/Documents/works/ogl/xcode/CMakeFiles/CheckTypeSize/OFF64_T.c:17:22: note: expanded from macro 'SIZE'
#define SIZE (sizeof(off64_t))
                     ^
/Users/fumiya.amano/Documents/works/ogl/xcode/CMakeFiles/CheckTypeSize/OFF64_T.c:21:12: error: use of undeclared identifier 'off64_t'
  ('0' + ((SIZE / 100)%10)),
           ^
/Users/fumiya.amano/Documents/works/ogl/xcode/CMakeFiles/CheckTypeSize/OFF64_T.c:17:22: note: expanded from macro 'SIZE'
#define SIZE (sizeof(off64_t))
                     ^
/Users/fumiya.amano/Documents/works/ogl/xcode/CMakeFiles/CheckTypeSize/OFF64_T.c:22:12: error: use of undeclared identifier 'off64_t'
  ('0' + ((SIZE / 10)%10)),
           ^
/Users/fumiya.amano/Documents/works/ogl/xcode/CMakeFiles/CheckTypeSize/OFF64_T.c:17:22: note: expanded from macro 'SIZE'
#define SIZE (sizeof(off64_t))
                     ^
/Users/fumiya.amano/Documents/works/ogl/xcode/CMakeFiles/CheckTypeSize/OFF64_T.c:23:12: error: use of undeclared identifier 'off64_t'
  ('0' +  (SIZE    % 10)),
           ^
/Users/fumiya.amano/Documents/works/ogl/xcode/CMakeFiles/CheckTypeSize/OFF64_T.c:17:22: note: expanded from macro 'SIZE'
#define SIZE (sizeof(off64_t))
                     ^
5 errors generated.

** BUILD FAILED **


The following build commands failed:
	CompileC CMAKE_TRY_COMPILE.build/Debug/cmTC_ccd22.build/Objects-normal/x86_64/OFF64_T.o /Users/fumiya.amano/Documents/works/ogl/xcode/CMakeFiles/CheckTypeSize/OFF64_T.c normal x86_64 c com.apple.compilers.llvm.clang.1_0.compiler
(1 failure)

/Users/fumiya.amano/Documents/works/ogl/xcode/CMakeFiles/CheckTypeSize/OFF64_T.c:
#include <sys/types.h>
#include <stdint.h>
#include <stddef.h>


#undef KEY
#if defined(__i386)
# define KEY '_','_','i','3','8','6'
#elif defined(__x86_64)
# define KEY '_','_','x','8','6','_','6','4'
#elif defined(__ppc__)
# define KEY '_','_','p','p','c','_','_'
#elif defined(__ppc64__)
# define KEY '_','_','p','p','c','6','4','_','_'
#endif

#define SIZE (sizeof(off64_t))
char info_size[] =  {'I', 'N', 'F', 'O', ':', 's','i','z','e','[',
  ('0' + ((SIZE / 10000)%10)),
  ('0' + ((SIZE / 1000)%10)),
  ('0' + ((SIZE / 100)%10)),
  ('0' + ((SIZE / 10)%10)),
  ('0' +  (SIZE    % 10)),
  ']',
#ifdef KEY
  ' ','k','e','y','[', KEY, ']',
#endif
  '\0'};

#ifdef __CLASSIC_C__
int main(argc, argv) int argc; char *argv[];
#else
int main(int argc, char *argv[])
#endif
{
  int require = 0;
  require += info_size[argc];
  (void)argv;
  return require;
}


